<?xml version="1.0" encoding="UTF-8"?>
<testsuite xmlns:xsi="http://www.w3.org/2001/XMLSchema-instance" xsi:noNamespaceSchemaLocation="https://maven.apache.org/surefire/maven-surefire-plugin/xsd/surefire-test-report.xsd" name="com.thegreatapi.ahundreddaysofjava.day021.Day021Test" time="0.948" tests="1" errors="0" skipped="0" failures="0">
  <properties>
    <property name="java.specification.version" value="16"/>
    <property name="sun.jnu.encoding" value="UTF-8"/>
    <property name="java.class.path" value="/home/rakib/IdeaProjects/100DaysOfJava/days/day021/target/test-classes:/home/rakib/IdeaProjects/100DaysOfJava/days/day021/target/classes:/home/rakib/.m2/repository/com/github/tomakehurst/wiremock-jre8/2.28.1/wiremock-jre8-2.28.1.jar:/home/rakib/.m2/repository/org/eclipse/jetty/jetty-server/9.4.41.v20210516/jetty-server-9.4.41.v20210516.jar:/home/rakib/.m2/repository/javax/servlet/javax.servlet-api/3.1.0/javax.servlet-api-3.1.0.jar:/home/rakib/.m2/repository/org/eclipse/jetty/jetty-http/9.4.41.v20210516/jetty-http-9.4.41.v20210516.jar:/home/rakib/.m2/repository/org/eclipse/jetty/jetty-io/9.4.41.v20210516/jetty-io-9.4.41.v20210516.jar:/home/rakib/.m2/repository/org/eclipse/jetty/jetty-servlet/9.4.41.v20210516/jetty-servlet-9.4.41.v20210516.jar:/home/rakib/.m2/repository/org/eclipse/jetty/jetty-security/9.4.41.v20210516/jetty-security-9.4.41.v20210516.jar:/home/rakib/.m2/repository/org/eclipse/jetty/jetty-util-ajax/9.4.41.v20210516/jetty-util-ajax-9.4.41.v20210516.jar:/home/rakib/.m2/repository/org/eclipse/jetty/jetty-servlets/9.4.41.v20210516/jetty-servlets-9.4.41.v20210516.jar:/home/rakib/.m2/repository/org/eclipse/jetty/jetty-continuation/9.4.41.v20210516/jetty-continuation-9.4.41.v20210516.jar:/home/rakib/.m2/repository/org/eclipse/jetty/jetty-util/9.4.41.v20210516/jetty-util-9.4.41.v20210516.jar:/home/rakib/.m2/repository/org/eclipse/jetty/jetty-webapp/9.4.41.v20210516/jetty-webapp-9.4.41.v20210516.jar:/home/rakib/.m2/repository/org/eclipse/jetty/jetty-xml/9.4.41.v20210516/jetty-xml-9.4.41.v20210516.jar:/home/rakib/.m2/repository/org/eclipse/jetty/jetty-proxy/9.4.41.v20210516/jetty-proxy-9.4.41.v20210516.jar:/home/rakib/.m2/repository/org/eclipse/jetty/jetty-client/9.4.41.v20210516/jetty-client-9.4.41.v20210516.jar:/home/rakib/.m2/repository/org/eclipse/jetty/http2/http2-server/9.4.41.v20210516/http2-server-9.4.41.v20210516.jar:/home/rakib/.m2/repository/org/eclipse/jetty/http2/http2-common/9.4.41.v20210516/http2-common-9.4.41.v20210516.jar:/home/rakib/.m2/repository/org/eclipse/jetty/http2/http2-hpack/9.4.41.v20210516/http2-hpack-9.4.41.v20210516.jar:/home/rakib/.m2/repository/org/eclipse/jetty/jetty-alpn-server/9.4.41.v20210516/jetty-alpn-server-9.4.41.v20210516.jar:/home/rakib/.m2/repository/org/eclipse/jetty/jetty-alpn-conscrypt-server/9.4.41.v20210516/jetty-alpn-conscrypt-server-9.4.41.v20210516.jar:/home/rakib/.m2/repository/org/eclipse/jetty/jetty-alpn-conscrypt-client/9.4.41.v20210516/jetty-alpn-conscrypt-client-9.4.41.v20210516.jar:/home/rakib/.m2/repository/org/eclipse/jetty/jetty-alpn-client/9.4.41.v20210516/jetty-alpn-client-9.4.41.v20210516.jar:/home/rakib/.m2/repository/org/conscrypt/conscrypt-openjdk-uber/2.5.2/conscrypt-openjdk-uber-2.5.2.jar:/home/rakib/.m2/repository/com/google/guava/guava/30.1.1-jre/guava-30.1.1-jre.jar:/home/rakib/.m2/repository/com/google/guava/failureaccess/1.0.1/failureaccess-1.0.1.jar:/home/rakib/.m2/repository/com/google/guava/listenablefuture/9999.0-empty-to-avoid-conflict-with-guava/listenablefuture-9999.0-empty-to-avoid-conflict-with-guava.jar:/home/rakib/.m2/repository/org/checkerframework/checker-qual/3.8.0/checker-qual-3.8.0.jar:/home/rakib/.m2/repository/com/google/errorprone/error_prone_annotations/2.5.1/error_prone_annotations-2.5.1.jar:/home/rakib/.m2/repository/com/google/j2objc/j2objc-annotations/1.3/j2objc-annotations-1.3.jar:/home/rakib/.m2/repository/com/fasterxml/jackson/core/jackson-core/2.12.3/jackson-core-2.12.3.jar:/home/rakib/.m2/repository/com/fasterxml/jackson/core/jackson-annotations/2.12.3/jackson-annotations-2.12.3.jar:/home/rakib/.m2/repository/com/fasterxml/jackson/core/jackson-databind/2.12.3/jackson-databind-2.12.3.jar:/home/rakib/.m2/repository/org/apache/httpcomponents/httpclient/4.5.13/httpclient-4.5.13.jar:/home/rakib/.m2/repository/org/apache/httpcomponents/httpcore/4.4.13/httpcore-4.4.13.jar:/home/rakib/.m2/repository/commons-logging/commons-logging/1.2/commons-logging-1.2.jar:/home/rakib/.m2/repository/commons-codec/commons-codec/1.11/commons-codec-1.11.jar:/home/rakib/.m2/repository/org/xmlunit/xmlunit-core/2.8.2/xmlunit-core-2.8.2.jar:/home/rakib/.m2/repository/jakarta/xml/bind/jakarta.xml.bind-api/2.3.3/jakarta.xml.bind-api-2.3.3.jar:/home/rakib/.m2/repository/jakarta/activation/jakarta.activation-api/1.2.2/jakarta.activation-api-1.2.2.jar:/home/rakib/.m2/repository/org/xmlunit/xmlunit-legacy/2.8.2/xmlunit-legacy-2.8.2.jar:/home/rakib/.m2/repository/org/xmlunit/xmlunit-placeholders/2.8.2/xmlunit-placeholders-2.8.2.jar:/home/rakib/.m2/repository/net/javacrumbs/json-unit/json-unit-core/2.26.0/json-unit-core-2.26.0.jar:/home/rakib/.m2/repository/org/hamcrest/hamcrest-core/2.2/hamcrest-core-2.2.jar:/home/rakib/.m2/repository/org/hamcrest/hamcrest/2.2/hamcrest-2.2.jar:/home/rakib/.m2/repository/com/jayway/jsonpath/json-path/2.6.0/json-path-2.6.0.jar:/home/rakib/.m2/repository/net/minidev/json-smart/2.4.7/json-smart-2.4.7.jar:/home/rakib/.m2/repository/net/minidev/accessors-smart/2.4.7/accessors-smart-2.4.7.jar:/home/rakib/.m2/repository/org/ow2/asm/asm/9.1/asm-9.1.jar:/home/rakib/.m2/repository/org/slf4j/slf4j-api/1.7.30/slf4j-api-1.7.30.jar:/home/rakib/.m2/repository/net/sf/jopt-simple/jopt-simple/5.0.4/jopt-simple-5.0.4.jar:/home/rakib/.m2/repository/org/apache/commons/commons-lang3/3.12.0/commons-lang3-3.12.0.jar:/home/rakib/.m2/repository/com/github/jknack/handlebars/4.2.0/handlebars-4.2.0.jar:/home/rakib/.m2/repository/com/github/jknack/handlebars-helpers/4.2.0/handlebars-helpers-4.2.0.jar:/home/rakib/.m2/repository/commons-fileupload/commons-fileupload/1.4/commons-fileupload-1.4.jar:/home/rakib/.m2/repository/commons-io/commons-io/2.9.0/commons-io-2.9.0.jar:/home/rakib/.m2/repository/com/google/code/findbugs/jsr305/3.0.2/jsr305-3.0.2.jar:/home/rakib/.m2/repository/org/junit/jupiter/junit-jupiter-engine/5.7.2/junit-jupiter-engine-5.7.2.jar:/home/rakib/.m2/repository/org/apiguardian/apiguardian-api/1.1.0/apiguardian-api-1.1.0.jar:/home/rakib/.m2/repository/org/junit/platform/junit-platform-engine/1.7.2/junit-platform-engine-1.7.2.jar:/home/rakib/.m2/repository/org/opentest4j/opentest4j/1.2.0/opentest4j-1.2.0.jar:/home/rakib/.m2/repository/org/junit/platform/junit-platform-commons/1.7.2/junit-platform-commons-1.7.2.jar:/home/rakib/.m2/repository/org/junit/jupiter/junit-jupiter-api/5.7.2/junit-jupiter-api-5.7.2.jar:"/>
    <property name="java.vm.vendor" value="Oracle Corporation"/>
    <property name="sun.arch.data.model" value="64"/>
    <property name="java.vendor.url" value="https://java.oracle.com/"/>
    <property name="os.name" value="Linux"/>
    <property name="java.vm.specification.version" value="16"/>
    <property name="sun.java.launcher" value="SUN_STANDARD"/>
    <property name="user.country" value="US"/>
    <property name="sun.boot.library.path" value="/usr/lib/jvm/jdk-16.0.1/lib"/>
    <property name="sun.java.command" value="/home/rakib/IdeaProjects/100DaysOfJava/days/day021/target/surefire/surefirebooter13170101996147626601.jar /home/rakib/IdeaProjects/100DaysOfJava/days/day021/target/surefire 2021-08-27T22-46-24_887-jvmRun1 surefire6126041848059459494tmp surefire_1803971396262620745tmp"/>
    <property name="jdk.debug" value="release"/>
    <property name="surefire.test.class.path" value="/home/rakib/IdeaProjects/100DaysOfJava/days/day021/target/test-classes:/home/rakib/IdeaProjects/100DaysOfJava/days/day021/target/classes:/home/rakib/.m2/repository/com/github/tomakehurst/wiremock-jre8/2.28.1/wiremock-jre8-2.28.1.jar:/home/rakib/.m2/repository/org/eclipse/jetty/jetty-server/9.4.41.v20210516/jetty-server-9.4.41.v20210516.jar:/home/rakib/.m2/repository/javax/servlet/javax.servlet-api/3.1.0/javax.servlet-api-3.1.0.jar:/home/rakib/.m2/repository/org/eclipse/jetty/jetty-http/9.4.41.v20210516/jetty-http-9.4.41.v20210516.jar:/home/rakib/.m2/repository/org/eclipse/jetty/jetty-io/9.4.41.v20210516/jetty-io-9.4.41.v20210516.jar:/home/rakib/.m2/repository/org/eclipse/jetty/jetty-servlet/9.4.41.v20210516/jetty-servlet-9.4.41.v20210516.jar:/home/rakib/.m2/repository/org/eclipse/jetty/jetty-security/9.4.41.v20210516/jetty-security-9.4.41.v20210516.jar:/home/rakib/.m2/repository/org/eclipse/jetty/jetty-util-ajax/9.4.41.v20210516/jetty-util-ajax-9.4.41.v20210516.jar:/home/rakib/.m2/repository/org/eclipse/jetty/jetty-servlets/9.4.41.v20210516/jetty-servlets-9.4.41.v20210516.jar:/home/rakib/.m2/repository/org/eclipse/jetty/jetty-continuation/9.4.41.v20210516/jetty-continuation-9.4.41.v20210516.jar:/home/rakib/.m2/repository/org/eclipse/jetty/jetty-util/9.4.41.v20210516/jetty-util-9.4.41.v20210516.jar:/home/rakib/.m2/repository/org/eclipse/jetty/jetty-webapp/9.4.41.v20210516/jetty-webapp-9.4.41.v20210516.jar:/home/rakib/.m2/repository/org/eclipse/jetty/jetty-xml/9.4.41.v20210516/jetty-xml-9.4.41.v20210516.jar:/home/rakib/.m2/repository/org/eclipse/jetty/jetty-proxy/9.4.41.v20210516/jetty-proxy-9.4.41.v20210516.jar:/home/rakib/.m2/repository/org/eclipse/jetty/jetty-client/9.4.41.v20210516/jetty-client-9.4.41.v20210516.jar:/home/rakib/.m2/repository/org/eclipse/jetty/http2/http2-server/9.4.41.v20210516/http2-server-9.4.41.v20210516.jar:/home/rakib/.m2/repository/org/eclipse/jetty/http2/http2-common/9.4.41.v20210516/http2-common-9.4.41.v20210516.jar:/home/rakib/.m2/repository/org/eclipse/jetty/http2/http2-hpack/9.4.41.v20210516/http2-hpack-9.4.41.v20210516.jar:/home/rakib/.m2/repository/org/eclipse/jetty/jetty-alpn-server/9.4.41.v20210516/jetty-alpn-server-9.4.41.v20210516.jar:/home/rakib/.m2/repository/org/eclipse/jetty/jetty-alpn-conscrypt-server/9.4.41.v20210516/jetty-alpn-conscrypt-server-9.4.41.v20210516.jar:/home/rakib/.m2/repository/org/eclipse/jetty/jetty-alpn-conscrypt-client/9.4.41.v20210516/jetty-alpn-conscrypt-client-9.4.41.v20210516.jar:/home/rakib/.m2/repository/org/eclipse/jetty/jetty-alpn-client/9.4.41.v20210516/jetty-alpn-client-9.4.41.v20210516.jar:/home/rakib/.m2/repository/org/conscrypt/conscrypt-openjdk-uber/2.5.2/conscrypt-openjdk-uber-2.5.2.jar:/home/rakib/.m2/repository/com/google/guava/guava/30.1.1-jre/guava-30.1.1-jre.jar:/home/rakib/.m2/repository/com/google/guava/failureaccess/1.0.1/failureaccess-1.0.1.jar:/home/rakib/.m2/repository/com/google/guava/listenablefuture/9999.0-empty-to-avoid-conflict-with-guava/listenablefuture-9999.0-empty-to-avoid-conflict-with-guava.jar:/home/rakib/.m2/repository/org/checkerframework/checker-qual/3.8.0/checker-qual-3.8.0.jar:/home/rakib/.m2/repository/com/google/errorprone/error_prone_annotations/2.5.1/error_prone_annotations-2.5.1.jar:/home/rakib/.m2/repository/com/google/j2objc/j2objc-annotations/1.3/j2objc-annotations-1.3.jar:/home/rakib/.m2/repository/com/fasterxml/jackson/core/jackson-core/2.12.3/jackson-core-2.12.3.jar:/home/rakib/.m2/repository/com/fasterxml/jackson/core/jackson-annotations/2.12.3/jackson-annotations-2.12.3.jar:/home/rakib/.m2/repository/com/fasterxml/jackson/core/jackson-databind/2.12.3/jackson-databind-2.12.3.jar:/home/rakib/.m2/repository/org/apache/httpcomponents/httpclient/4.5.13/httpclient-4.5.13.jar:/home/rakib/.m2/repository/org/apache/httpcomponents/httpcore/4.4.13/httpcore-4.4.13.jar:/home/rakib/.m2/repository/commons-logging/commons-logging/1.2/commons-logging-1.2.jar:/home/rakib/.m2/repository/commons-codec/commons-codec/1.11/commons-codec-1.11.jar:/home/rakib/.m2/repository/org/xmlunit/xmlunit-core/2.8.2/xmlunit-core-2.8.2.jar:/home/rakib/.m2/repository/jakarta/xml/bind/jakarta.xml.bind-api/2.3.3/jakarta.xml.bind-api-2.3.3.jar:/home/rakib/.m2/repository/jakarta/activation/jakarta.activation-api/1.2.2/jakarta.activation-api-1.2.2.jar:/home/rakib/.m2/repository/org/xmlunit/xmlunit-legacy/2.8.2/xmlunit-legacy-2.8.2.jar:/home/rakib/.m2/repository/org/xmlunit/xmlunit-placeholders/2.8.2/xmlunit-placeholders-2.8.2.jar:/home/rakib/.m2/repository/net/javacrumbs/json-unit/json-unit-core/2.26.0/json-unit-core-2.26.0.jar:/home/rakib/.m2/repository/org/hamcrest/hamcrest-core/2.2/hamcrest-core-2.2.jar:/home/rakib/.m2/repository/org/hamcrest/hamcrest/2.2/hamcrest-2.2.jar:/home/rakib/.m2/repository/com/jayway/jsonpath/json-path/2.6.0/json-path-2.6.0.jar:/home/rakib/.m2/repository/net/minidev/json-smart/2.4.7/json-smart-2.4.7.jar:/home/rakib/.m2/repository/net/minidev/accessors-smart/2.4.7/accessors-smart-2.4.7.jar:/home/rakib/.m2/repository/org/ow2/asm/asm/9.1/asm-9.1.jar:/home/rakib/.m2/repository/org/slf4j/slf4j-api/1.7.30/slf4j-api-1.7.30.jar:/home/rakib/.m2/repository/net/sf/jopt-simple/jopt-simple/5.0.4/jopt-simple-5.0.4.jar:/home/rakib/.m2/repository/org/apache/commons/commons-lang3/3.12.0/commons-lang3-3.12.0.jar:/home/rakib/.m2/repository/com/github/jknack/handlebars/4.2.0/handlebars-4.2.0.jar:/home/rakib/.m2/repository/com/github/jknack/handlebars-helpers/4.2.0/handlebars-helpers-4.2.0.jar:/home/rakib/.m2/repository/commons-fileupload/commons-fileupload/1.4/commons-fileupload-1.4.jar:/home/rakib/.m2/repository/commons-io/commons-io/2.9.0/commons-io-2.9.0.jar:/home/rakib/.m2/repository/com/google/code/findbugs/jsr305/3.0.2/jsr305-3.0.2.jar:/home/rakib/.m2/repository/org/junit/jupiter/junit-jupiter-engine/5.7.2/junit-jupiter-engine-5.7.2.jar:/home/rakib/.m2/repository/org/apiguardian/apiguardian-api/1.1.0/apiguardian-api-1.1.0.jar:/home/rakib/.m2/repository/org/junit/platform/junit-platform-engine/1.7.2/junit-platform-engine-1.7.2.jar:/home/rakib/.m2/repository/org/opentest4j/opentest4j/1.2.0/opentest4j-1.2.0.jar:/home/rakib/.m2/repository/org/junit/platform/junit-platform-commons/1.7.2/junit-platform-commons-1.7.2.jar:/home/rakib/.m2/repository/org/junit/jupiter/junit-jupiter-api/5.7.2/junit-jupiter-api-5.7.2.jar:"/>
    <property name="sun.cpu.endian" value="little"/>
    <property name="user.home" value="/home/rakib"/>
    <property name="user.language" value="en"/>
    <property name="java.specification.vendor" value="Oracle Corporation"/>
    <property name="java.version.date" value="2021-04-20"/>
    <property name="java.home" value="/usr/lib/jvm/jdk-16.0.1"/>
    <property name="file.separator" value="/"/>
    <property name="basedir" value="/home/rakib/IdeaProjects/100DaysOfJava/days/day021"/>
    <property name="java.vm.compressedOopsMode" value="Zero based"/>
    <property name="line.separator" value="&#10;"/>
    <property name="java.vm.specification.vendor" value="Oracle Corporation"/>
    <property name="java.specification.name" value="Java Platform API Specification"/>
    <property name="surefire.real.class.path" value="/home/rakib/IdeaProjects/100DaysOfJava/days/day021/target/surefire/surefirebooter13170101996147626601.jar"/>
    <property name="sun.management.compiler" value="HotSpot 64-Bit Tiered Compilers"/>
    <property name="java.runtime.version" value="16.0.1+9-24"/>
    <property name="user.name" value="rakib"/>
    <property name="path.separator" value=":"/>
    <property name="os.version" value="5.4.0-81-generic"/>
    <property name="java.runtime.name" value="Java(TM) SE Runtime Environment"/>
    <property name="file.encoding" value="UTF-8"/>
    <property name="java.vm.name" value="Java HotSpot(TM) 64-Bit Server VM"/>
    <property name="localRepository" value="/home/rakib/.m2/repository"/>
    <property name="java.vendor.url.bug" value="https://bugreport.java.com/bugreport/"/>
    <property name="java.io.tmpdir" value="/tmp"/>
    <property name="idea.version" value="2021.2.1"/>
    <property name="java.version" value="16.0.1"/>
    <property name="user.dir" value="/home/rakib/IdeaProjects/100DaysOfJava/days/day021"/>
    <property name="os.arch" value="amd64"/>
    <property name="java.vm.specification.name" value="Java Virtual Machine Specification"/>
    <property name="java.library.path" value="/usr/java/packages/lib:/usr/lib64:/lib64:/lib:/usr/lib"/>
    <property name="java.vm.info" value="mixed mode, sharing"/>
    <property name="java.vendor" value="Oracle Corporation"/>
    <property name="java.vm.version" value="16.0.1+9-24"/>
    <property name="sun.io.unicode.encoding" value="UnicodeLittle"/>
    <property name="java.class.version" value="60.0"/>
  </properties>
  <testcase name="test" classname="com.thegreatapi.ahundreddaysofjava.day021.Day021Test" time="0.936"/>
</testsuite>